<?xml version="1.0" encoding="UTF-8"?>
<testsuite xmlns:xsi="http://www.w3.org/2001/XMLSchema-instance" xsi:noNamespaceSchemaLocation="https://maven.apache.org/surefire/maven-surefire-plugin/xsd/surefire-test-report-3.0.xsd" version="3.0" name="hu.bme.mit.train.system.TrainSystemTest" time="0.083" tests="4" errors="0" skipped="0" failures="0">
  <properties>
[...]
</properties>
  <testcase name="OverridingJoystickPositionToNegative_SetsReferenceSpeedToZero" classname="hu.bme.mit.train.system.TrainSystemTest" time="0.008"/>
  <testcase name="OverridingJoystickPosition_IncreasesReferenceSpeed" classname="hu.bme.mit.train.system.TrainSystemTest" time="0"/>
  <testcase name="EmergenyBreakTurnOf_TrainAccelerates" classname="hu.bme.mit.train.system.TrainSystemTest" time="0"/>
  <testcase name="EmergencyBreak_SetsRefSpeedToZero" classname="hu.bme.mit.train.system.TrainSystemTest" time="0"/>
</testsuite>